{
  "stats": {
    "suites": 3,
    "tests": 7,
    "passes": 7,
    "pending": 0,
    "failures": 0,
    "start": "2020-08-03T22:16:49.116Z",
    "end": "2020-08-03T22:16:50.491Z",
    "duration": 1375,
    "testsRegistered": 7,
    "passPercent": 100,
    "pendingPercent": 0,
    "other": 0,
    "hasOther": false,
    "skipped": 0,
    "hasSkipped": false
  },
  "results": [
    {
      "uuid": "803143ce-c6cf-4c67-ad65-bed3c4c5e5c9",
      "title": "",
      "fullFile": "",
      "file": "",
      "beforeHooks": [],
      "afterHooks": [],
      "tests": [],
      "suites": [
        {
          "uuid": "7462313a-ec54-4a8e-919d-3f1890a6d776",
          "title": "Json placeholder users endpoint",
          "fullFile": "C:\\Users\\Luis_Banda\\Documents\\Testing\\Mocha\\UnitTestingJS.Mocha\\test\\specs\\api.spec.js",
          "file": "\\test\\specs\\api.spec.js",
          "beforeHooks": [
            {
              "title": "\"before each\" hook",
              "fullTitle": "Json placeholder users endpoint \"before each\" hook",
              "timedOut": false,
              "duration": 0,
              "state": null,
              "speed": null,
              "pass": false,
              "fail": false,
              "pending": false,
              "context": null,
              "code": "apiURL = \"https://jsonplaceholder.typicode.com\";",
              "err": {},
              "uuid": "e48d112d-4ba1-477a-b5b1-201e92fc11fd",
              "parentUUID": "7462313a-ec54-4a8e-919d-3f1890a6d776",
              "isHook": true,
              "skipped": false
            }
          ],
          "afterHooks": [],
          "tests": [
            {
              "title": "should return http status code 200 with Get method",
              "fullTitle": "Json placeholder users endpoint should return http status code 200 with Get method",
              "timedOut": false,
              "duration": 273,
              "state": "passed",
              "speed": "slow",
              "pass": true,
              "fail": false,
              "pending": false,
              "context": null,
              "code": "await request(apiURL)\n    .get(\"/users\")\n    .expect(200);",
              "err": {},
              "uuid": "39e0c164-f7e5-47fc-8f56-1fe39dae8dc8",
              "parentUUID": "7462313a-ec54-4a8e-919d-3f1890a6d776",
              "isHook": false,
              "skipped": false
            },
            {
              "title": "should return content-type:header and application-type application/json with Get method",
              "fullTitle": "Json placeholder users endpoint should return content-type:header and application-type application/json with Get method",
              "timedOut": false,
              "duration": 233,
              "state": "passed",
              "speed": "slow",
              "pass": true,
              "fail": false,
              "pending": false,
              "context": null,
              "code": "await request(apiURL)\n    .get(\"/users\")            \n    .expect('Content-Type', /json/);",
              "err": {},
              "uuid": "1e74a120-a2a0-48dc-8a0f-8c98f3c1cb34",
              "parentUUID": "7462313a-ec54-4a8e-919d-3f1890a6d776",
              "isHook": false,
              "skipped": false
            },
            {
              "title": "should return an array of 10 users with Get method",
              "fullTitle": "Json placeholder users endpoint should return an array of 10 users with Get method",
              "timedOut": false,
              "duration": 234,
              "state": "passed",
              "speed": "slow",
              "pass": true,
              "fail": false,
              "pending": false,
              "context": null,
              "code": "await request(apiURL)\n    .get(\"/users\")            \n    .expect((res) => {                \n        res.body.length === 10;\n    });",
              "err": {},
              "uuid": "4740501f-1367-48e3-a95b-4c5d2f3fabcc",
              "parentUUID": "7462313a-ec54-4a8e-919d-3f1890a6d776",
              "isHook": false,
              "skipped": false
            }
          ],
          "suites": [],
          "passes": [
            "39e0c164-f7e5-47fc-8f56-1fe39dae8dc8",
            "1e74a120-a2a0-48dc-8a0f-8c98f3c1cb34",
            "4740501f-1367-48e3-a95b-4c5d2f3fabcc"
          ],
          "failures": [],
          "pending": [],
          "skipped": [],
          "duration": 740,
          "root": false,
          "rootEmpty": false,
          "_timeout": 5000
        },
        {
          "uuid": "3b7a28a9-aae8-42c2-a391-74814cb7a776",
          "title": "Calculator",
          "fullFile": "C:\\Users\\Luis_Banda\\Documents\\Testing\\Mocha\\UnitTestingJS.Mocha\\test\\specs\\calculator.spec.js",
          "file": "\\test\\specs\\calculator.spec.js",
          "beforeHooks": [
            {
              "title": "\"before each\" hook",
              "fullTitle": "Calculator \"before each\" hook",
              "timedOut": false,
              "duration": 0,
              "state": null,
              "speed": null,
              "pass": false,
              "fail": false,
              "pending": false,
              "context": null,
              "code": "calculator = new Calculator();",
              "err": {},
              "uuid": "99bd67a1-e8e4-48e3-ac33-8ba2725f4339",
              "parentUUID": "3b7a28a9-aae8-42c2-a391-74814cb7a776",
              "isHook": true,
              "skipped": false
            }
          ],
          "afterHooks": [
            {
              "title": "\"after each\" hook",
              "fullTitle": "Calculator \"after each\" hook",
              "timedOut": false,
              "duration": 0,
              "state": null,
              "speed": null,
              "pass": false,
              "fail": false,
              "pending": false,
              "context": null,
              "code": "calculator = null;",
              "err": {},
              "uuid": "5e0ebf42-d074-49c3-a4a3-37a6f2e910d7",
              "parentUUID": "3b7a28a9-aae8-42c2-a391-74814cb7a776",
              "isHook": true,
              "skipped": false
            }
          ],
          "tests": [
            {
              "title": "should return 5 as the sum of 3 + 2",
              "fullTitle": "Calculator should return 5 as the sum of 3 + 2",
              "timedOut": false,
              "duration": 1,
              "state": "passed",
              "speed": "fast",
              "pass": true,
              "fail": false,
              "pending": false,
              "context": null,
              "code": "expect(calculator.add(3,2)).to.be.equal(5);",
              "err": {},
              "uuid": "35013808-631d-4e95-810b-ec93466f45fa",
              "parentUUID": "3b7a28a9-aae8-42c2-a391-74814cb7a776",
              "isHook": false,
              "skipped": false
            },
            {
              "title": "should return 6 as 3 times 2",
              "fullTitle": "Calculator should return 6 as 3 times 2",
              "timedOut": false,
              "duration": 0,
              "state": "passed",
              "speed": "fast",
              "pass": true,
              "fail": false,
              "pending": false,
              "context": null,
              "code": "expect(calculator.multiply(3,2)).to.be.equal(6);",
              "err": {},
              "uuid": "c99f2f27-35ed-409f-aec4-6190e1a3bdb9",
              "parentUUID": "3b7a28a9-aae8-42c2-a391-74814cb7a776",
              "isHook": false,
              "skipped": false
            }
          ],
          "suites": [],
          "passes": [
            "35013808-631d-4e95-810b-ec93466f45fa",
            "c99f2f27-35ed-409f-aec4-6190e1a3bdb9"
          ],
          "failures": [],
          "pending": [],
          "skipped": [],
          "duration": 1,
          "root": false,
          "rootEmpty": false,
          "_timeout": 5000
        },
        {
          "uuid": "2700426f-63d3-4f78-8b76-48cac01aa28e",
          "title": "React - home task2 pdf file",
          "fullFile": "C:\\Users\\Luis_Banda\\Documents\\Testing\\Mocha\\UnitTestingJS.Mocha\\test\\specs\\pdf.spec.js",
          "file": "\\test\\specs\\pdf.spec.js",
          "beforeHooks": [
            {
              "title": "\"before each\" hook",
              "fullTitle": "React - home task2 pdf file \"before each\" hook",
              "timedOut": false,
              "duration": 0,
              "state": null,
              "speed": null,
              "pass": false,
              "fail": false,
              "pending": false,
              "context": null,
              "code": "dataBuffer = fs.readFileSync('./pdfs/React – home task 2.pdf');",
              "err": {},
              "uuid": "fab95b5f-af15-4580-80be-4d14e9c6b36c",
              "parentUUID": "2700426f-63d3-4f78-8b76-48cac01aa28e",
              "isHook": true,
              "skipped": false
            }
          ],
          "afterHooks": [
            {
              "title": "\"after each\" hook",
              "fullTitle": "React - home task2 pdf file \"after each\" hook",
              "timedOut": false,
              "duration": 0,
              "state": null,
              "speed": null,
              "pass": false,
              "fail": false,
              "pending": false,
              "context": null,
              "code": "dataBuffer = null;",
              "err": {},
              "uuid": "038c1b34-2863-438b-970b-d15336d3f7b6",
              "parentUUID": "2700426f-63d3-4f78-8b76-48cac01aa28e",
              "isHook": true,
              "skipped": false
            }
          ],
          "tests": [
            {
              "title": "should contain 14 pages",
              "fullTitle": "React - home task2 pdf file should contain 14 pages",
              "timedOut": false,
              "duration": 37,
              "state": "passed",
              "speed": "fast",
              "pass": true,
              "fail": false,
              "pending": false,
              "context": null,
              "code": "pdf(dataBuffer).then(function(data) {\n\n    // number of pages\n    //console.log(data.numpages);\n    // number of rendered pages\n    //console.log(data.numrender);\n    // PDF info\n    //console.log(data.info);\n    // PDF metadata\n    //console.log(data.metadata); \n    // PDF.js version\n    // check https://mozilla.github.io/pdf.js/getting_started/\n    //console.log(data.version);\n    // PDF text\n    //console.log(data.text); \n    expect(data.numpages).to.be.equal(14);\n        \n});",
              "err": {},
              "uuid": "9791b154-b0b5-4140-aa95-6e06695ea35f",
              "parentUUID": "2700426f-63d3-4f78-8b76-48cac01aa28e",
              "isHook": false,
              "skipped": false
            },
            {
              "title": "should contain React word",
              "fullTitle": "React - home task2 pdf file should contain React word",
              "timedOut": false,
              "duration": 0,
              "state": "passed",
              "speed": "fast",
              "pass": true,
              "fail": false,
              "pending": false,
              "context": null,
              "code": "pdf(dataBuffer).then(function(data) {\n    expect(data.text.includes('React')).to.be.true();\n})",
              "err": {},
              "uuid": "ebddd0ad-a1c1-4c30-8e8a-f5091e29bc97",
              "parentUUID": "2700426f-63d3-4f78-8b76-48cac01aa28e",
              "isHook": false,
              "skipped": false
            }
          ],
          "suites": [],
          "passes": [
            "9791b154-b0b5-4140-aa95-6e06695ea35f",
            "ebddd0ad-a1c1-4c30-8e8a-f5091e29bc97"
          ],
          "failures": [],
          "pending": [],
          "skipped": [],
          "duration": 37,
          "root": false,
          "rootEmpty": false,
          "_timeout": 5000
        }
      ],
      "passes": [],
      "failures": [],
      "pending": [],
      "skipped": [],
      "duration": 0,
      "root": true,
      "rootEmpty": true,
      "_timeout": 5000
    }
  ],
  "meta": {
    "mocha": {
      "version": "8.0.1"
    },
    "mochawesome": {
      "options": {
        "quiet": false,
        "reportFilename": "mochawesome",
        "saveHtml": true,
        "saveJson": true,
        "consoleReporter": "spec",
        "useInlineDiffs": false,
        "code": true
      },
      "version": "6.1.1"
    },
    "marge": {
      "options": null,
      "version": "5.1.0"
    }
  }
}